2021-07-29 15:30:42;MSFT;sell;240.07;USD;327;65fad854-7943-11eb-929d-8c85906a186d
2021-07-29 15:31:12;MA;sell;314.91;USD;712;65fae24a-7943-11eb-9171-8c85906a186d
2021-07-29 15:31:32;BAC;buy;34.16;USD;635;65fae466-7943-11eb-8f48-8c85906a186d
2021-07-29 15:37:09;BAC;sell;36.67;USD;897;65fae614-7943-11eb-9ccb-8c85906a186d
2021-07-29 15:43:02;JPM;sell;146.77;USD;190;65fae79a-7943-11eb-8977-8c85906a186d
2021-07-29 15:50:08;GOOGL;sell;1953.55;USD;606;65fae90c-7943-11eb-9726-8c85906a186d
2021-07-29 15:51:18;NVDA;buy;522.65;USD;789;65faea7e-7943-11eb-8c6b-8c85906a186d
2021-07-29 15:59:48;JPM;buy;140.24;USD;654;65faebf0-7943-11eb-9b31-8c85906a186d
2021-07-29 16:09:02;PG;sell;132.82;USD;929;65faed4e-7943-11eb-a499-8c85906a186d
2021-07-29 16:18:56;MA;sell;348.80;USD;960;65faeec0-7943-11eb-8a88-8c85906a186d
2021-07-29 16:23:42;JNJ;sell;159.66;USD;253;65faf01e-7943-11eb-8e6d-8c85906a186d
2021-07-29 16:33:26;BABA;buy;233.10;USD;590;65faf17c-7943-11eb-8cd4-8c85906a186d
2021-07-29 16:35:29;NVDA;sell;616.82;USD;547;65faf2da-7943-11eb-a69c-8c85906a186d
2021-07-29 16:39:44;MSFT;buy;234.61;USD;448;65faf438-7943-11eb-8610-8c85906a186d
2021-07-29 16:48:19;GOOGL;sell;2137.44;USD;810;65faf58c-7943-11eb-8a0e-8c85906a186d
2021-07-29 16:56:19;NVDA;buy;622.67;USD;728;65faf6f4-7943-11eb-969c-8c85906a186d
2021-07-29 16:58:47;MA;sell;324.47;USD;839;65faf848-7943-11eb-9b34-8c85906a186d
2021-07-29 17:02:38;AAPL;buy;134.62;USD;609;65faf9a6-7943-11eb-a06c-8c85906a186d
2021-07-29 17:06:57;TSLA;buy;757.57;USD;812;65fafb04-7943-11eb-8d41-8c85906a186d
2021-07-29 17:15:19;GOOG;sell;2039.62;USD;543;65fafc58-7943-11eb-8833-8c85906a186d
2021-07-29 17:17:12;GOOG;buy;1966.08;USD;944;65fafdb6-7943-11eb-996a-8c85906a186d
2021-07-29 17:25:29;GOOG;buy;2057.62;USD;219;65faff1e-7943-11eb-92e8-8c85906a186d
2021-07-29 17:34:12;JNJ;buy;155.16;USD;780;65fb007c-7943-11eb-a628-8c85906a186d
2021-07-29 17:42:59;FB;sell;238.54;USD;171;65fb01d0-7943-11eb-9194-8c85906a186d
2021-07-29 17:44:49;BAC;sell;35.77;USD;667;65fb032e-7943-11eb-977b-8c85906a186d
2021-07-29 17:52:07;AMZN;buy;3187.55;USD;552;65fb0540-7943-11eb-8bda-8c85906a186d
2021-07-29 17:58:18;V;sell;215.31;USD;406;65fb0662-7943-11eb-87fe-8c85906a186d
2021-07-29 18:07:14;MSFT;sell;224.15;USD;48;65fb0770-7943-11eb-8069-8c85906a186d
2021-07-29 18:12:27;TSLA;sell;729.75;USD;482;65fb0892-7943-11eb-867f-8c85906a186d
2021-07-29 18:21:48;WMT;buy;149.60;USD;766;65fb09a0-7943-11eb-91fa-8c85906a186d
2021-07-29 18:30:21;BABA;sell;229.16;USD;184;65fb0ab8-7943-11eb-95be-8c85906a186d
2021-07-29 18:30:50;GOOGL;sell;2084.44;USD;773;65fb0bd0-7943-11eb-9509-8c85906a186d
2021-07-29 18:32:55;FB;buy;236.41;USD;379;65fb0cde-7943-11eb-a48e-8c85906a186d
2021-07-29 18:40:07;UNH;buy;305.87;USD;422;65fb0dec-7943-11eb-9f04-8c85906a186d
2021-07-29 18:41:28;PYPL;sell;273.64;USD;113;65fb0f04-7943-11eb-9ec1-8c85906a186d
2021-07-29 18:41:35;DIS;sell;191.30;USD;586;65fb1012-7943-11eb-9666-8c85906a186d
2021-07-29 18:47:08;PG;buy;118.12;USD;786;65fb112a-7943-11eb-88ad-8c85906a186d
2021-07-29 18:55:19;V;sell;217.92;USD;210;65fb1238-7943-11eb-86e2-8c85906a186d
2021-07-29 19:02:42;FB;sell;260.21;USD;586;65fb1346-7943-11eb-8804-8c85906a186d
2021-07-29 19:08:44;UNH;sell;339.58;USD;833;65fb145e-7943-11eb-9e3f-8c85906a186d
2021-07-29 19:10:30;PYPL;sell;297.24;USD;553;65fb156c-7943-11eb-88e5-8c85906a186d
2021-07-29 19:18:10;MA;buy;333.38;USD;802;65fb1684-7943-11eb-806c-8c85906a186d
2021-07-29 19:19:26;TSLA;sell;700.75;USD;457;65fb1792-7943-11eb-8abf-8c85906a186d
2021-07-29 19:20:51;DIS;sell;187.42;USD;717;65fb18a0-7943-11eb-8dff-8c85906a186d
2021-07-29 19:27:39;TSLA;buy;710.79;USD;633;65fb19b8-7943-11eb-a5d9-8c85906a186d
2021-07-29 19:28:26;AMZN;sell;3264.76;USD;514;65fb1ac6-7943-11eb-8b5e-8c85906a186d
2021-07-29 19:31:16;BABA;buy;232.71;USD;895;65fb1bde-7943-11eb-817d-8c85906a186d
2021-07-29 19:32:17;JPM;sell;159.21;USD;705;65fb1cf6-7943-11eb-8c60-8c85906a186d
2021-07-29 19:36:47;WMT;buy;137.27;USD;817;65fb1e0e-7943-11eb-a0d2-8c85906a186d
2021-07-29 19:46:41;PG;buy;117.89;USD;641;65fb1f1c-7943-11eb-826b-8c85906a186d
2021-07-29 19:50:10;JPM;buy;159.33;USD;561;65fb2034-7943-11eb-9193-8c85906a186d
2021-07-29 19:59:02;BAC;buy;38.56;USD;896;65fb214c-7943-11eb-9ac3-8c85906a186d
2021-07-29 20:01:26;BABA;buy;245.28;USD;512;65fb2264-7943-11eb-a174-8c85906a186d
2021-07-29 20:06:53;V;sell;218.72;USD;272;65fb237c-7943-11eb-83a3-8c85906a186d
2021-07-29 20:10:21;DIS;buy;204.36;USD;537;65fb2494-7943-11eb-8da1-8c85906a186d
2021-07-29 20:14:17;GOOGL;buy;2019.08;USD;665;65fb25a2-7943-11eb-8d5b-8c85906a186d
2021-07-29 20:23:33;DIS;buy;189.32;USD;226;65fb26ba-7943-11eb-92ab-8c85906a186d
2021-07-29 20:33:27;GOOGL;sell;2138.30;USD;419;65fb27c8-7943-11eb-8718-8c85906a186d
2021-07-29 20:36:22;FB;buy;275.31;USD;533;65fb28e0-7943-11eb-9189-8c85906a186d
2021-07-29 20:44:26;NVDA;sell;618.90;USD;784;65fb2a0c-7943-11eb-a1fc-8c85906a186d
2021-07-29 20:50:27;GOOGL;sell;1925.83;USD;600;65fb2b24-7943-11eb-9987-8c85906a186d
2021-07-29 20:59:16;V;sell;196.54;USD;92;65fb2c32-7943-11eb-9dd3-8c85906a186d
2021-07-29 21:03:15;V;buy;188.60;USD;605;65fb2d4a-7943-11eb-8804-8c85906a186d
2021-07-29 21:08:21;WMT;buy;137.59;USD;232;65fb2e62-7943-11eb-9261-8c85906a186d
2021-07-29 21:17:37;V;sell;222.52;USD;447;65fb2f7a-7943-11eb-8f28-8c85906a186d
2021-07-29 21:18:18;TSLA;buy;733.96;USD;720;65fb3092-7943-11eb-992a-8c85906a186d
2021-07-29 21:18:33;TSM;buy;123.56;USD;9914;65fb31aa-7943-11eb-8aa3-8c85906a186d
2021-07-29 21:26:41;BAC;buy;38.61;USD;8422;65fb32b8-7943-11eb-925a-8c85906a186d
2021-07-29 21:31:21;AMZN;buy;3133.80;USD;2040;65fb33c6-7943-11eb-98a9-8c85906a186d
2021-07-29 21:32:44;PYPL;sell;281.54;USD;4925;65fb34de-7943-11eb-81ec-8c85906a186d
2021-07-29 21:34:04;JPM;buy;135.78;USD;7397;65fb35ec-7943-11eb-9ae0-8c85906a186d
2021-07-29 21:37:57;NVDA;buy;542.29;USD;5316;65fb36fa-7943-11eb-8836-8c85906a186d
2021-07-29 21:38:02;DIS;buy;207.48;USD;9821;65fb3808-7943-11eb-9f0d-8c85906a186d
2021-07-29 21:41:45;GOOG;sell;2204.87;USD;9511;65fb3920-7943-11eb-85e6-8c85906a186d
2021-07-29 21:50:25;V;sell;212.58;USD;2833;65fb3a2e-7943-11eb-8e0b-8c85906a186d
2021-07-29 21:57:24;NVDA;sell;629.93;USD;1469;65fb3b3c-7943-11eb-a67c-8c85906a186d
2021-07-29 21:59:29;TSM;sell;140.41;USD;896;65fb3c4a-7943-11eb-9c75-8c85906a186d
2021-07-29 22:00:37;AMZN;buy;3485.96;USD;9334;65fb3d62-7943-11eb-88e3-8c85906a186d
2021-07-29 22:09:49;UNH;buy;319.72;USD;7925;65fb3e7a-7943-11eb-a380-8c85906a186d
2021-07-29 22:10:55;TSLA;sell;718.31;USD;3794;65fb3f88-7943-11eb-a371-8c85906a186d
2021-07-29 22:14:54;AAPL;sell;133.88;USD;9505;65fb4096-7943-11eb-9849-8c85906a186d
2021-07-29 22:21:31;TSLA;sell;681.74;USD;7122;65fb41a4-7943-11eb-a09f-8c85906a186d
2021-07-29 22:26:16;GOOGL;buy;2010.80;USD;335;65fb42c6-7943-11eb-9dfc-8c85906a186d
2021-07-29 22:28:54;GOOG;sell;2012.71;USD;5373;65fb43d4-7943-11eb-8953-8c85906a186d
2021-07-29 22:31:23;AMZN;buy;3496.04;USD;7079;65fb44ec-7943-11eb-9339-8c85906a186d
2021-07-29 22:36:27;UNH;sell;359.73;USD;8465;65fb4604-7943-11eb-99cc-8c85906a186d
2021-07-29 22:44:29;UNH;buy;344.74;USD;3754;65fb4712-7943-11eb-a21f-8c85906a186d
2021-07-29 22:51:55;PG;sell;138.60;USD;3198;65fb482a-7943-11eb-9378-8c85906a186d
2021-07-29 23:01:30;MSFT;sell;237.64;USD;1424;65fb4938-7943-11eb-9674-8c85906a186d
2021-07-29 23:01:47;TSLA;sell;707.03;USD;1578;65fb4a50-7943-11eb-9f6e-8c85906a186d
2021-07-29 23:05:42;GOOGL;buy;1990.04;USD;6185;65fb4b5e-7943-11eb-87f6-8c85906a186d
2021-07-29 23:08:43;GOOG;buy;1975.97;USD;9281;65fb4c76-7943-11eb-8023-8c85906a186d
2021-07-29 23:13:13;UNH;sell;321.06;USD;8351;65fb4d8e-7943-11eb-9ba5-8c85906a186d
2021-07-29 23:20:33;JPM;sell;135.77;USD;814;65fb4ea6-7943-11eb-a5de-8c85906a186d
2021-07-29 23:21:11;TSLA;buy;679.27;USD;9655;65fb4fb4-7943-11eb-8199-8c85906a186d
2021-07-29 23:26:44;WMT;sell;134.63;USD;1797;65fb50c2-7943-11eb-97ce-8c85906a186d
2021-07-29 23:34:19;PYPL;buy;279.54;USD;3792;65fb51da-7943-11eb-8a0c-8c85906a186d
2021-07-29 23:40:57;PG;sell;124.70;USD;6433;65fb52e8-7943-11eb-89fb-8c85906a186d
2021-07-29 23:43:13;TSLA;buy;667.90;USD;306;65fb53f6-7943-11eb-80cb-8c85906a186d
2021-07-29 23:48:29;V;buy;195.52;USD;2003;65fb5824-7943-11eb-9b59-8c85906a186d
2021-07-29 23:49:00;AMZN;sell;3191.43;USD;10052;65fb0540-6529-11eb-8bda-8c85906a186d
2021-07-29 23:49:01;AMZN;sell;3199.21;USD;9999;65fb0540-6529-11eb-8bda-8c85906a186d
